Using pre-set license
Built from '2020.3/staging' branch; Version is '2020.3.26f1 (7298b473bc1a) revision 7510196'; Using compiler version '192528614'; Build Type 'Release'
OS: 'Windows 10  (10.0.19044) 64bit Core' Language: 'en' Physical Memory: 16330 MB
BatchMode: 1, IsHumanControllingUs: 0, StartBugReporterOnCrash: 0, Is64bit: 1, IsPro: 0

COMMAND LINE ARGUMENTS:
C:\Program Files\Unity\2020.3.26f1\Editor\Unity.exe
-adb2
-batchMode
-noUpm
-name
AssetImportWorker0
-projectPath
D:/Unity Projects/Jams/Mythics Jam 2022
-logFile
Logs/AssetImportWorker0.log
-srvPort
60835
Successfully changed project path to: D:/Unity Projects/Jams/Mythics Jam 2022
D:/Unity Projects/Jams/Mythics Jam 2022
Using Asset Import Pipeline V2.
Refreshing native plugins compatible for Editor in 51.48 ms, found 2 plugins.
Preloading 0 native plugins for Editor in 0.00 ms.
Initialize engine version: 2020.3.26f1 (7298b473bc1a)
[Subsystems] Discovering subsystems at path C:/Program Files/Unity/2020.3.26f1/Editor/Data/Resources/UnitySubsystems
[Subsystems] Discovering subsystems at path D:/Unity Projects/Jams/Mythics Jam 2022/Assets
GfxDevice: creating device client; threaded=0
Direct3D:
    Version:  Direct3D 11.0 [level 11.1]
    Renderer: NVIDIA GeForce GTX 1080 (ID=0x1be0)
    Vendor:   
    VRAM:     8079 MB
    Driver:   27.21.14.6230
Initialize mono
Mono path[0] = 'C:/Program Files/Unity/2020.3.26f1/Editor/Data/Managed'
Mono path[1] = 'C:/Program Files/Unity/2020.3.26f1/Editor/Data/MonoBleedingEdge/lib/mono/unityjit'
Mono config path = 'C:/Program Files/Unity/2020.3.26f1/Editor/Data/MonoBleedingEdge/etc'
Using monoOptions --debugger-agent=transport=dt_socket,embedding=1,server=y,suspend=n,address=127.0.0.1:56652
Begin MonoManager ReloadAssembly
Registering precompiled unity dll's ...
Register platform support module: C:/Program Files/Unity/2020.3.26f1/Editor/Data/PlaybackEngines/WindowsStandaloneSupport/UnityEditor.WindowsStandalone.Extensions.dll
Registered in 0.002046 seconds.
Native extension for WindowsStandalone target not found
Refreshing native plugins compatible for Editor in 50.22 ms, found 2 plugins.
Preloading 0 native plugins for Editor in 0.00 ms.
Mono: successfully reloaded assembly
- Completed reload, in  0.528 seconds
Domain Reload Profiling:
	ReloadAssembly (528ms)
		BeginReloadAssembly (50ms)
			ExecutionOrderSort (0ms)
			DisableScriptedObjects (0ms)
			BackupInstance (0ms)
			ReleaseScriptingObjects (0ms)
			CreateAndSetChildDomain (1ms)
		EndReloadAssembly (414ms)
			LoadAssemblies (48ms)
			RebuildTransferFunctionScriptingTraits (0ms)
			SetupTypeCache (134ms)
			ReleaseScriptCaches (0ms)
			RebuildScriptCaches (27ms)
			SetupLoadedEditorAssemblies (162ms)
				LogAssemblyErrors (0ms)
				InitializePlatformSupportModulesInManaged (4ms)
				SetLoadedEditorAssemblies (0ms)
				RefreshPlugins (50ms)
				BeforeProcessingInitializeOnLoad (12ms)
				ProcessInitializeOnLoadAttributes (72ms)
				ProcessInitializeOnLoadMethodAttributes (23ms)
				AfterProcessingInitializeOnLoad (0ms)
				EditorAssembliesLoaded (0ms)
			ExecutionOrderSort2 (0ms)
			AwakeInstancesAfterBackupRestoration (0ms)
Platform modules already initialized, skipping
Registering precompiled user dll's ...
Registered in 0.003406 seconds.
Begin MonoManager ReloadAssembly
Native extension for WindowsStandalone target not found
Refreshing native plugins compatible for Editor in 53.08 ms, found 2 plugins.
Preloading 0 native plugins for Editor in 0.00 ms.
Mono: successfully reloaded assembly
- Completed reload, in  1.043 seconds
Domain Reload Profiling:
	ReloadAssembly (1044ms)
		BeginReloadAssembly (131ms)
			ExecutionOrderSort (0ms)
			DisableScriptedObjects (4ms)
			BackupInstance (0ms)
			ReleaseScriptingObjects (0ms)
			CreateAndSetChildDomain (18ms)
		EndReloadAssembly (857ms)
			LoadAssemblies (79ms)
			RebuildTransferFunctionScriptingTraits (0ms)
			SetupTypeCache (299ms)
			ReleaseScriptCaches (1ms)
			RebuildScriptCaches (54ms)
			SetupLoadedEditorAssemblies (322ms)
				LogAssemblyErrors (0ms)
				InitializePlatformSupportModulesInManaged (3ms)
				SetLoadedEditorAssemblies (0ms)
				RefreshPlugins (53ms)
				BeforeProcessingInitializeOnLoad (79ms)
				ProcessInitializeOnLoadAttributes (172ms)
				ProcessInitializeOnLoadMethodAttributes (8ms)
				AfterProcessingInitializeOnLoad (7ms)
				EditorAssembliesLoaded (0ms)
			ExecutionOrderSort2 (0ms)
			AwakeInstancesAfterBackupRestoration (6ms)
Platform modules already initialized, skipping
========================================================================
Worker process is ready to serve import requests
Launched and connected shader compiler UnityShaderCompiler.exe after 0.11 seconds
Refreshing native plugins compatible for Editor in 0.56 ms, found 2 plugins.
Preloading 0 native plugins for Editor in 0.00 ms.
Unloading 3283 Unused Serialized files (Serialized files now loaded: 0)
System memory in use before: 141.0 MB.
System memory in use after: 141.2 MB.

Unloading 20 unused Assets to reduce memory usage. Loaded Objects now: 3715.
Total: 3.067700 ms (FindLiveObjects: 0.281600 ms CreateObjectMapping: 0.148800 ms MarkObjects: 2.571500 ms  DeleteObjects: 0.064800 ms)

AssetImportParameters requested are different than current active one (requested -> active):
  custom:framework-win-MediaFoundation: 216162199b28c13a410421893ffa2e32 -> 
  custom:video-decoder-ogg-theora: a1e56fd34408186e4bbccfd4996cb3dc -> 
  custom:container-muxer-webm: aa71ff27fc2769a1b78a27578f13a17b -> 
  custom:container-demuxer-webm: 4f35f7cbe854078d1ac9338744f61a02 -> 
  custom:container-demuxer-ogg: 62fdf1f143b41e24485cea50d1cbac27 -> 
  custom:video-encoder-webm-vp8: eb34c28f22e8b96e1ab97ce403110664 -> 
  custom:video-codec-MediaFoundation-h265: e54d7ab0439102e2317fc1e4b246158d -> 
  custom:video-decoder-webm-vp8: 9c59270c3fd7afecdb556c50c9e8de78 -> 
  custom:audio-decoder-ogg-vorbis: bf7c407c2cedff20999df2af8eb42d56 -> 
  custom:audio-encoder-webm-vorbis: bf7c407c2cedff20999df2af8eb42d56 -> 
========================================================================
Received Import Request.
  path: Assets/Playcraft/Predictive Movement/Goalie AI/Sprite Goalie.unity
  artifactKey: Guid(c9c94eeb3350be94bb8c375cc78a638a) Importer(815301076,1909f56bfc062723c751e8b465ee728b)
Start importing Assets/Playcraft/Predictive Movement/Goalie AI/Sprite Goalie.unity using Guid(c9c94eeb3350be94bb8c375cc78a638a) Importer(815301076,1909f56bfc062723c751e8b465ee728b)  -> (artifact id: '5c937e555387e9bb9dd05f6de7fe1f0a') in 0.015032 seconds 
  Import took 0.019357 seconds .

========================================================================
Received Prepare
Registering precompiled user dll's ...
Registered in 0.003446 seconds.
Begin MonoManager ReloadAssembly
Native extension for WindowsStandalone target not found
Refreshing native plugins compatible for Editor in 0.67 ms, found 2 plugins.
Preloading 0 native plugins for Editor in 0.00 ms.
Mono: successfully reloaded assembly
- Completed reload, in  0.891 seconds
Domain Reload Profiling:
	ReloadAssembly (892ms)
		BeginReloadAssembly (99ms)
			ExecutionOrderSort (0ms)
			DisableScriptedObjects (4ms)
			BackupInstance (0ms)
			ReleaseScriptingObjects (0ms)
			CreateAndSetChildDomain (31ms)
		EndReloadAssembly (738ms)
			LoadAssemblies (79ms)
			RebuildTransferFunctionScriptingTraits (0ms)
			SetupTypeCache (277ms)
			ReleaseScriptCaches (1ms)
			RebuildScriptCaches (35ms)
			SetupLoadedEditorAssemblies (266ms)
				LogAssemblyErrors (0ms)
				InitializePlatformSupportModulesInManaged (4ms)
				SetLoadedEditorAssemblies (0ms)
				RefreshPlugins (1ms)
				BeforeProcessingInitializeOnLoad (86ms)
				ProcessInitializeOnLoadAttributes (160ms)
				ProcessInitializeOnLoadMethodAttributes (7ms)
				AfterProcessingInitializeOnLoad (7ms)
				EditorAssembliesLoaded (0ms)
			ExecutionOrderSort2 (0ms)
			AwakeInstancesAfterBackupRestoration (6ms)
Platform modules already initialized, skipping
Refreshing native plugins compatible for Editor in 0.57 ms, found 2 plugins.
Preloading 0 native plugins for Editor in 0.00 ms.
Unloading 3194 Unused Serialized files (Serialized files now loaded: 0)
System memory in use before: 132.6 MB.
System memory in use after: 132.8 MB.

Unloading 15 unused Assets to reduce memory usage. Loaded Objects now: 3717.
Total: 2.946400 ms (FindLiveObjects: 0.231300 ms CreateObjectMapping: 0.106100 ms MarkObjects: 2.591500 ms  DeleteObjects: 0.016600 ms)

AssetImportParameters requested are different than current active one (requested -> active):
  custom:framework-win-MediaFoundation: 216162199b28c13a410421893ffa2e32 -> 
  custom:video-decoder-ogg-theora: a1e56fd34408186e4bbccfd4996cb3dc -> 
  custom:container-muxer-webm: aa71ff27fc2769a1b78a27578f13a17b -> 
  custom:container-demuxer-webm: 4f35f7cbe854078d1ac9338744f61a02 -> 
  custom:container-demuxer-ogg: 62fdf1f143b41e24485cea50d1cbac27 -> 
  custom:video-encoder-webm-vp8: eb34c28f22e8b96e1ab97ce403110664 -> 
  custom:video-codec-MediaFoundation-h265: e54d7ab0439102e2317fc1e4b246158d -> 
  custom:video-decoder-webm-vp8: 9c59270c3fd7afecdb556c50c9e8de78 -> 
  custom:audio-decoder-ogg-vorbis: bf7c407c2cedff20999df2af8eb42d56 -> 
  custom:audio-encoder-webm-vorbis: bf7c407c2cedff20999df2af8eb42d56 -> 
========================================================================
Received Import Request.
  Time since last request: 98.926590 seconds.
  path: Assets/Playcraft/Predictive Movement/Example Data/Average Velocity.asset
  artifactKey: Guid(eb5ec3fa05ee8ee418ad2e736a3fe4f5) Importer(815301076,1909f56bfc062723c751e8b465ee728b)
Start importing Assets/Playcraft/Predictive Movement/Example Data/Average Velocity.asset using Guid(eb5ec3fa05ee8ee418ad2e736a3fe4f5) Importer(815301076,1909f56bfc062723c751e8b465ee728b)  -> (artifact id: '3b10de3351555fcff80e90978e21745c') in 0.042279 seconds 
  Import took 0.046902 seconds .

========================================================================
Received Import Request.
  Time since last request: 0.000266 seconds.
  path: Assets/Playcraft/Predictive Movement/Example Data/Position History.asset
  artifactKey: Guid(78989f3554081b847987fed7dfff8b41) Importer(815301076,1909f56bfc062723c751e8b465ee728b)
Start importing Assets/Playcraft/Predictive Movement/Example Data/Position History.asset using Guid(78989f3554081b847987fed7dfff8b41) Importer(815301076,1909f56bfc062723c751e8b465ee728b)  -> (artifact id: 'e16235324c0ac219584d90f2fa9b0958') in 0.004891 seconds 
  Import took 0.009603 seconds .

========================================================================
Received Import Request.
  Time since last request: 0.000199 seconds.
  path: Assets/Playcraft/Predictive Movement/Example Data/Long Tail.asset
  artifactKey: Guid(7dbc6983c9df2544c98f1edf15b3c14b) Importer(815301076,1909f56bfc062723c751e8b465ee728b)
Start importing Assets/Playcraft/Predictive Movement/Example Data/Long Tail.asset using Guid(7dbc6983c9df2544c98f1edf15b3c14b) Importer(815301076,1909f56bfc062723c751e8b465ee728b)  -> (artifact id: '09fadc3fe83229adb2051295d400fe95') in 0.004966 seconds 
  Import took 0.009695 seconds .

========================================================================
Received Import Request.
  Time since last request: 0.000233 seconds.
  path: Assets/Playcraft/Predictive Movement/Example Data/Complex Follow.asset
  artifactKey: Guid(52f02e33efeb7234299d55c35a79056c) Importer(815301076,1909f56bfc062723c751e8b465ee728b)
Start importing Assets/Playcraft/Predictive Movement/Example Data/Complex Follow.asset using Guid(52f02e33efeb7234299d55c35a79056c) Importer(815301076,1909f56bfc062723c751e8b465ee728b)  -> (artifact id: 'a644ef9cd380ada6ed4bf7dcdeaa01da') in 0.005364 seconds 
  Import took 0.009678 seconds .

========================================================================
Received Import Request.
  Time since last request: 0.000275 seconds.
  path: Assets/Playcraft/Predictive Movement/Example Data/Quick Movement.asset
  artifactKey: Guid(2a5c263bee778a84096cd78cf6993040) Importer(815301076,1909f56bfc062723c751e8b465ee728b)
Start importing Assets/Playcraft/Predictive Movement/Example Data/Quick Movement.asset using Guid(2a5c263bee778a84096cd78cf6993040) Importer(815301076,1909f56bfc062723c751e8b465ee728b)  -> (artifact id: '2550f6e4e958cec2b0a54545efabbbd1') in 0.004527 seconds 
  Import took 0.008586 seconds .

========================================================================
Received Import Request.
  Time since last request: 0.000280 seconds.
  path: Assets/Playcraft/Predictive Movement/Example Data/Simple Follow.asset
  artifactKey: Guid(d01901b25d6d3ae4c9fe40b41ef7a673) Importer(815301076,1909f56bfc062723c751e8b465ee728b)
Start importing Assets/Playcraft/Predictive Movement/Example Data/Simple Follow.asset using Guid(d01901b25d6d3ae4c9fe40b41ef7a673) Importer(815301076,1909f56bfc062723c751e8b465ee728b)  -> (artifact id: 'e582888a9724f6b9d9606385602376c2') in 0.004385 seconds 
  Import took 0.008146 seconds .

========================================================================
Received Import Request.
  Time since last request: 0.000273 seconds.
  path: Assets/Playcraft/Predictive Movement/Example Data/Smooth Movement.asset
  artifactKey: Guid(a3510ef704e155d458942f52e9e38d38) Importer(815301076,1909f56bfc062723c751e8b465ee728b)
Start importing Assets/Playcraft/Predictive Movement/Example Data/Smooth Movement.asset using Guid(a3510ef704e155d458942f52e9e38d38) Importer(815301076,1909f56bfc062723c751e8b465ee728b)  -> (artifact id: '9ab38d404a1f3c6a93df745f9a82c1f2') in 0.004635 seconds 
  Import took 0.008685 seconds .

========================================================================
Received Import Request.
  Time since last request: 0.000279 seconds.
  path: Assets/Playcraft/Predictive Movement/Example Data/Short Average.asset
  artifactKey: Guid(8dc57123d5a8cce41ab750ffeafca40f) Importer(815301076,1909f56bfc062723c751e8b465ee728b)
Start importing Assets/Playcraft/Predictive Movement/Example Data/Short Average.asset using Guid(8dc57123d5a8cce41ab750ffeafca40f) Importer(815301076,1909f56bfc062723c751e8b465ee728b)  -> (artifact id: 'aa183b3e1f86e54468e8ac6333771ac4') in 0.004715 seconds 
  Import took 0.009129 seconds .

========================================================================
Received Import Request.
  Time since last request: 15.033265 seconds.
  path: Assets/Playcraft/Predictive Movement/Example Data
  artifactKey: Guid(f78aa058c053cca40afc9dca1af33d8e) Importer(815301076,1909f56bfc062723c751e8b465ee728b)
Start importing Assets/Playcraft/Predictive Movement/Example Data using Guid(f78aa058c053cca40afc9dca1af33d8e) Importer(815301076,1909f56bfc062723c751e8b465ee728b)  -> (artifact id: '66f9324bd19db64b4969f973bb364800') in 0.005065 seconds 
  Import took 0.010079 seconds .

========================================================================
Received Import Request.
  Time since last request: 8.117046 seconds.
  path: Assets/Playcraft/Predictive Movement/Example Data/Average Velocity
  artifactKey: Guid(fd197f3bd0197ee4b8bf55369249bb6b) Importer(815301076,1909f56bfc062723c751e8b465ee728b)
Start importing Assets/Playcraft/Predictive Movement/Example Data/Average Velocity using Guid(fd197f3bd0197ee4b8bf55369249bb6b) Importer(815301076,1909f56bfc062723c751e8b465ee728b)  -> (artifact id: '6f3f4e0a14105d8f8920673e4e6d867f') in 0.001741 seconds 
  Import took 0.006631 seconds .

========================================================================
Received Prepare
Registering precompiled user dll's ...
Registered in 0.004156 seconds.
Begin MonoManager ReloadAssembly
Native extension for WindowsStandalone target not found
Refreshing native plugins compatible for Editor in 0.56 ms, found 2 plugins.
Preloading 0 native plugins for Editor in 0.00 ms.
Mono: successfully reloaded assembly
- Completed reload, in  0.901 seconds
Domain Reload Profiling:
	ReloadAssembly (901ms)
		BeginReloadAssembly (102ms)
			ExecutionOrderSort (0ms)
			DisableScriptedObjects (4ms)
			BackupInstance (0ms)
			ReleaseScriptingObjects (0ms)
			CreateAndSetChildDomain (31ms)
		EndReloadAssembly (745ms)
			LoadAssemblies (81ms)
			RebuildTransferFunctionScriptingTraits (0ms)
			SetupTypeCache (279ms)
			ReleaseScriptCaches (1ms)
			RebuildScriptCaches (37ms)
			SetupLoadedEditorAssemblies (262ms)
				LogAssemblyErrors (0ms)
				InitializePlatformSupportModulesInManaged (4ms)
				SetLoadedEditorAssemblies (0ms)
				RefreshPlugins (1ms)
				BeforeProcessingInitializeOnLoad (85ms)
				ProcessInitializeOnLoadAttributes (156ms)
				ProcessInitializeOnLoadMethodAttributes (8ms)
				AfterProcessingInitializeOnLoad (7ms)
				EditorAssembliesLoaded (0ms)
			ExecutionOrderSort2 (0ms)
			AwakeInstancesAfterBackupRestoration (6ms)
Platform modules already initialized, skipping
Refreshing native plugins compatible for Editor in 0.56 ms, found 2 plugins.
Preloading 0 native plugins for Editor in 0.00 ms.
Unloading 3193 Unused Serialized files (Serialized files now loaded: 0)
System memory in use before: 132.6 MB.
System memory in use after: 132.8 MB.

Unloading 16 unused Assets to reduce memory usage. Loaded Objects now: 3718.
Total: 2.868500 ms (FindLiveObjects: 0.231000 ms CreateObjectMapping: 0.113100 ms MarkObjects: 2.506500 ms  DeleteObjects: 0.017200 ms)

AssetImportParameters requested are different than current active one (requested -> active):
  custom:framework-win-MediaFoundation: 216162199b28c13a410421893ffa2e32 -> 
  custom:video-decoder-ogg-theora: a1e56fd34408186e4bbccfd4996cb3dc -> 
  custom:container-muxer-webm: aa71ff27fc2769a1b78a27578f13a17b -> 
  custom:container-demuxer-webm: 4f35f7cbe854078d1ac9338744f61a02 -> 
  custom:container-demuxer-ogg: 62fdf1f143b41e24485cea50d1cbac27 -> 
  custom:video-encoder-webm-vp8: eb34c28f22e8b96e1ab97ce403110664 -> 
  custom:video-codec-MediaFoundation-h265: e54d7ab0439102e2317fc1e4b246158d -> 
  custom:video-decoder-webm-vp8: 9c59270c3fd7afecdb556c50c9e8de78 -> 
  custom:audio-decoder-ogg-vorbis: bf7c407c2cedff20999df2af8eb42d56 -> 
  custom:audio-encoder-webm-vorbis: bf7c407c2cedff20999df2af8eb42d56 -> 
========================================================================
Received Import Request.
  Time since last request: 50.051885 seconds.
  path: Assets/Playcraft/Predictive Movement/Goalie AI/GoalieAI.cs
  artifactKey: Guid(7a4d393decfaf6440861afc3061ebb1c) Importer(815301076,1909f56bfc062723c751e8b465ee728b)
Start importing Assets/Playcraft/Predictive Movement/Goalie AI/GoalieAI.cs using Guid(7a4d393decfaf6440861afc3061ebb1c) Importer(815301076,1909f56bfc062723c751e8b465ee728b)  -> (artifact id: 'acbb6d2abd133a093458f6754bacb212') in 0.010132 seconds 
  Import took 0.015065 seconds .

========================================================================
Received Import Request.
  Time since last request: 1.039163 seconds.
  path: Assets/Playcraft/Predictive Movement/Goalie AI/FollowOnCircle.cs
  artifactKey: Guid(2a1be4bed8107be4e88fb4ec1f6bc3e5) Importer(815301076,1909f56bfc062723c751e8b465ee728b)
Start importing Assets/Playcraft/Predictive Movement/Goalie AI/FollowOnCircle.cs using Guid(2a1be4bed8107be4e88fb4ec1f6bc3e5) Importer(815301076,1909f56bfc062723c751e8b465ee728b)  -> (artifact id: '16ba496bc2f389f5c29f3171cbd940a2') in 0.005036 seconds 
  Import took 0.010035 seconds .

========================================================================
Received Import Request.
  Time since last request: 0.732366 seconds.
  path: Assets/Playcraft/Predictive Movement/Goalie AI/GoalieAIMono.cs
  artifactKey: Guid(f9511131e0a83af4cabb236e0d3b5477) Importer(815301076,1909f56bfc062723c751e8b465ee728b)
Start importing Assets/Playcraft/Predictive Movement/Goalie AI/GoalieAIMono.cs using Guid(f9511131e0a83af4cabb236e0d3b5477) Importer(815301076,1909f56bfc062723c751e8b465ee728b)  -> (artifact id: 'a008e9f39b21a63d6f8a3c666289f481') in 0.035893 seconds 
  Import took 0.040576 seconds .

========================================================================
Received Import Request.
  Time since last request: 0.543271 seconds.
  path: Assets/Playcraft/Predictive Movement/Goalie AI/ThiefCursor.cs
  artifactKey: Guid(be8a72f6c21cfb647975d00ffe670d17) Importer(815301076,1909f56bfc062723c751e8b465ee728b)
Start importing Assets/Playcraft/Predictive Movement/Goalie AI/ThiefCursor.cs using Guid(be8a72f6c21cfb647975d00ffe670d17) Importer(815301076,1909f56bfc062723c751e8b465ee728b)  -> (artifact id: '8fee913adac0c4171661595fd8fe4d53') in 0.004849 seconds 
  Import took 0.009840 seconds .

========================================================================
Received Prepare
Registering precompiled user dll's ...
Registered in 0.003499 seconds.
Begin MonoManager ReloadAssembly
Native extension for WindowsStandalone target not found
Refreshing native plugins compatible for Editor in 0.55 ms, found 2 plugins.
Preloading 0 native plugins for Editor in 0.00 ms.
Mono: successfully reloaded assembly
- Completed reload, in  0.898 seconds
Domain Reload Profiling:
	ReloadAssembly (898ms)
		BeginReloadAssembly (108ms)
			ExecutionOrderSort (0ms)
			DisableScriptedObjects (4ms)
			BackupInstance (0ms)
			ReleaseScriptingObjects (0ms)
			CreateAndSetChildDomain (30ms)
		EndReloadAssembly (736ms)
			LoadAssemblies (80ms)
			RebuildTransferFunctionScriptingTraits (0ms)
			SetupTypeCache (276ms)
			ReleaseScriptCaches (1ms)
			RebuildScriptCaches (36ms)
			SetupLoadedEditorAssemblies (267ms)
				LogAssemblyErrors (0ms)
				InitializePlatformSupportModulesInManaged (4ms)
				SetLoadedEditorAssemblies (0ms)
				RefreshPlugins (1ms)
				BeforeProcessingInitializeOnLoad (86ms)
				ProcessInitializeOnLoadAttributes (161ms)
				ProcessInitializeOnLoadMethodAttributes (7ms)
				AfterProcessingInitializeOnLoad (7ms)
				EditorAssembliesLoaded (0ms)
			ExecutionOrderSort2 (0ms)
			AwakeInstancesAfterBackupRestoration (5ms)
Platform modules already initialized, skipping
Refreshing native plugins compatible for Editor in 0.64 ms, found 2 plugins.
Preloading 0 native plugins for Editor in 0.00 ms.
Unloading 3193 Unused Serialized files (Serialized files now loaded: 0)
System memory in use before: 132.6 MB.
System memory in use after: 132.9 MB.

Unloading 15 unused Assets to reduce memory usage. Loaded Objects now: 3720.
Total: 3.197400 ms (FindLiveObjects: 0.239700 ms CreateObjectMapping: 0.120600 ms MarkObjects: 2.780500 ms  DeleteObjects: 0.055700 ms)

AssetImportParameters requested are different than current active one (requested -> active):
  custom:framework-win-MediaFoundation: 216162199b28c13a410421893ffa2e32 -> 
  custom:video-decoder-ogg-theora: a1e56fd34408186e4bbccfd4996cb3dc -> 
  custom:container-muxer-webm: aa71ff27fc2769a1b78a27578f13a17b -> 
  custom:container-demuxer-webm: 4f35f7cbe854078d1ac9338744f61a02 -> 
  custom:container-demuxer-ogg: 62fdf1f143b41e24485cea50d1cbac27 -> 
  custom:video-encoder-webm-vp8: eb34c28f22e8b96e1ab97ce403110664 -> 
  custom:video-codec-MediaFoundation-h265: e54d7ab0439102e2317fc1e4b246158d -> 
  custom:video-decoder-webm-vp8: 9c59270c3fd7afecdb556c50c9e8de78 -> 
  custom:audio-decoder-ogg-vorbis: bf7c407c2cedff20999df2af8eb42d56 -> 
  custom:audio-encoder-webm-vorbis: bf7c407c2cedff20999df2af8eb42d56 -> 
========================================================================
Received Import Request.
  Time since last request: 18.075785 seconds.
  path: Assets/Playcraft/Predictive Movement/Position History/PositionHistoryMono.cs
  artifactKey: Guid(f6a8a84342183db47a1c9de5f7bb0105) Importer(815301076,1909f56bfc062723c751e8b465ee728b)
Start importing Assets/Playcraft/Predictive Movement/Position History/PositionHistoryMono.cs using Guid(f6a8a84342183db47a1c9de5f7bb0105) Importer(815301076,1909f56bfc062723c751e8b465ee728b)  -> (artifact id: 'e3d790afb40882b58287a844640ef3ec') in 0.008580 seconds 
  Import took 0.013861 seconds .

========================================================================
Received Import Request.
  Time since last request: 2.140221 seconds.
  path: Assets/Playcraft/Predictive Movement/Average Velocity/AverageAcceleration.cs
  artifactKey: Guid(6e932c8980814a041a63de8ece439750) Importer(815301076,1909f56bfc062723c751e8b465ee728b)
Start importing Assets/Playcraft/Predictive Movement/Average Velocity/AverageAcceleration.cs using Guid(6e932c8980814a041a63de8ece439750) Importer(815301076,1909f56bfc062723c751e8b465ee728b)  -> (artifact id: '3c60cc17054a65c9d34e47f8ebd99f5c') in 0.005712 seconds 
  Import took 0.010448 seconds .

========================================================================
Received Import Request.
  Time since last request: 0.208546 seconds.
  path: Assets/Playcraft/Predictive Movement/Average Velocity/AverageVelocity.cs
  artifactKey: Guid(003ce55c17a6b164cbd09d86a7e61dbe) Importer(815301076,1909f56bfc062723c751e8b465ee728b)
Start importing Assets/Playcraft/Predictive Movement/Average Velocity/AverageVelocity.cs using Guid(003ce55c17a6b164cbd09d86a7e61dbe) Importer(815301076,1909f56bfc062723c751e8b465ee728b)  -> (artifact id: '45a49c60d3f82277bc3089be3195a6eb') in 0.005246 seconds 
  Import took 0.009803 seconds .

========================================================================
Received Import Request.
  Time since last request: 0.143620 seconds.
  path: Assets/Playcraft/Predictive Movement/Average Velocity/AverageVelocityMono.cs
  artifactKey: Guid(f53e87c4458834e499dff5137abda5da) Importer(815301076,1909f56bfc062723c751e8b465ee728b)
Start importing Assets/Playcraft/Predictive Movement/Average Velocity/AverageVelocityMono.cs using Guid(f53e87c4458834e499dff5137abda5da) Importer(815301076,1909f56bfc062723c751e8b465ee728b)  -> (artifact id: '8548d8b9d4708315e7fa4693f7f57800') in 0.004845 seconds 
  Import took 0.009602 seconds .

========================================================================
Received Import Request.
  Time since last request: 0.113423 seconds.
  path: Assets/Playcraft/Predictive Movement/Average Velocity/AverageVelocitySO.cs
  artifactKey: Guid(0d1c98e244f84aa4e847cd0b302341c3) Importer(815301076,1909f56bfc062723c751e8b465ee728b)
Start importing Assets/Playcraft/Predictive Movement/Average Velocity/AverageVelocitySO.cs using Guid(0d1c98e244f84aa4e847cd0b302341c3) Importer(815301076,1909f56bfc062723c751e8b465ee728b)  -> (artifact id: '22910694c2d53a4b3273eccf9c8c905a') in 0.005070 seconds 
  Import took 0.009746 seconds .

========================================================================
Received Import Request.
  Time since last request: 6.059036 seconds.
  path: Assets/Playcraft/Predictive Movement/Destination Modifiers
  artifactKey: Guid(cf4d62ee34d55844a8a68c9812537276) Importer(815301076,1909f56bfc062723c751e8b465ee728b)
Start importing Assets/Playcraft/Predictive Movement/Destination Modifiers using Guid(cf4d62ee34d55844a8a68c9812537276) Importer(815301076,1909f56bfc062723c751e8b465ee728b)  -> (artifact id: 'f087f109670b135d2bac88aaf3513fd8') in 0.005039 seconds 
  Import took 0.009388 seconds .

========================================================================
Received Import Request.
  Time since last request: 1.057069 seconds.
  path: Assets/Playcraft/Predictive Movement/Destination Modifiers/ApplyAverageVelocity.cs
  artifactKey: Guid(94e9435b83017c244b9b78a3945fd395) Importer(815301076,1909f56bfc062723c751e8b465ee728b)
Start importing Assets/Playcraft/Predictive Movement/Destination Modifiers/ApplyAverageVelocity.cs using Guid(94e9435b83017c244b9b78a3945fd395) Importer(815301076,1909f56bfc062723c751e8b465ee728b)  -> (artifact id: '3b5a534cc820588e1977f4d4a93fcb8e') in 0.004242 seconds 
  Import took 0.008694 seconds .

========================================================================
Received Import Request.
  Time since last request: 0.945477 seconds.
  path: Assets/Playcraft/Predictive Movement/Destination Modifiers/ApplyPositionHistory.cs
  artifactKey: Guid(a3a8dbe36efd0294484632942b615c68) Importer(815301076,1909f56bfc062723c751e8b465ee728b)
Start importing Assets/Playcraft/Predictive Movement/Destination Modifiers/ApplyPositionHistory.cs using Guid(a3a8dbe36efd0294484632942b615c68) Importer(815301076,1909f56bfc062723c751e8b465ee728b)  -> (artifact id: '016ca33872497d405c63831cfb582456') in 0.004974 seconds 
  Import took 0.009944 seconds .

========================================================================
Received Import Request.
  Time since last request: 0.127553 seconds.
  path: Assets/Playcraft/Predictive Movement/Destination Modifiers/DestinationModifier.cs
  artifactKey: Guid(158ec18a1f35a45498cf610ebb596e16) Importer(815301076,1909f56bfc062723c751e8b465ee728b)
Start importing Assets/Playcraft/Predictive Movement/Destination Modifiers/DestinationModifier.cs using Guid(158ec18a1f35a45498cf610ebb596e16) Importer(815301076,1909f56bfc062723c751e8b465ee728b)  -> (artifact id: 'b84355ab5b95f7c840f1f419234ea745') in 0.004866 seconds 
  Import took 0.009501 seconds .

========================================================================
Received Import Request.
  Time since last request: 0.110973 seconds.
  path: Assets/Playcraft/Predictive Movement/Destination Modifiers/DestinationModifiers.cs
  artifactKey: Guid(68db17b7ea5c898419e17ab594f6ef97) Importer(815301076,1909f56bfc062723c751e8b465ee728b)
Start importing Assets/Playcraft/Predictive Movement/Destination Modifiers/DestinationModifiers.cs using Guid(68db17b7ea5c898419e17ab594f6ef97) Importer(815301076,1909f56bfc062723c751e8b465ee728b)  -> (artifact id: 'd6978a5811534570ff3591a979e00096') in 0.004847 seconds 
  Import took 0.009761 seconds .

========================================================================
Received Import Request.
  Time since last request: 0.120559 seconds.
  path: Assets/Playcraft/Predictive Movement/Destination Modifiers/PlaceOtherAtModifiedPosition.cs
  artifactKey: Guid(e6c4de8cc56f16240ab7d60f488264ba) Importer(815301076,1909f56bfc062723c751e8b465ee728b)
Start importing Assets/Playcraft/Predictive Movement/Destination Modifiers/PlaceOtherAtModifiedPosition.cs using Guid(e6c4de8cc56f16240ab7d60f488264ba) Importer(815301076,1909f56bfc062723c751e8b465ee728b)  -> (artifact id: '3dee8779c065c89b5c1ddfb0bc8e04bb') in 0.005756 seconds 
  Import took 0.010622 seconds .

AssetImportWorkerClient::OnTransportError - code=2 error=End of file
